<?xml version="1.0" encoding="UTF-8"?>
<!-- Generated by org.testng.reporters.JUnitReportReporter -->
<testsuite hostname="USER-20140223MZ" name="com.invoke.test.TestB" tests="3" failures="0" timestamp="18 Nov 2015 07:38:12 GMT" time="0.002" errors="0">
  <testcase name="test2" time="0.001" classname="com.invoke.test.TestB"/>
  <testcase name="test1" time="0.001" classname="com.invoke.test.TestB"/>
  <testcase name="test3" time="0.000" classname="com.invoke.test.TestB"/>
</testsuite> <!-- com.invoke.test.TestB -->
